2025-10-14 18:10:48,916 - INFO - Starting Smart Campus Delivery Simulation
2025-10-14 18:10:48,916 - INFO - Creating 15 optimized agents...
2025-10-14 18:10:48,996 - INFO - Successfully created 15 agents
2025-10-14 18:10:48,997 - INFO - Starting simulation pre-computation...
2025-10-14 18:10:48,997 - INFO - Processing frame 0/750...
2025-10-14 18:10:49,579 - INFO - Processing frame 50/750...
2025-10-14 18:10:55,830 - INFO - Processing frame 100/750...
2025-10-14 18:11:06,007 - INFO - Processing frame 150/750...
2025-10-14 18:11:17,761 - INFO - Processing frame 200/750...
2025-10-14 18:11:29,571 - INFO - Processing frame 250/750...
2025-10-14 18:11:41,258 - INFO - Processing frame 300/750...
2025-10-14 18:11:52,624 - INFO - Processing frame 350/750...
2025-10-14 18:12:03,820 - INFO - Processing frame 400/750...
2025-10-14 18:12:14,669 - INFO - Processing frame 450/750...
2025-10-14 18:12:25,219 - INFO - Processing frame 500/750...
2025-10-14 18:12:35,676 - INFO - Processing frame 550/750...
2025-10-14 18:12:45,846 - INFO - Processing frame 600/750...
2025-10-14 18:12:56,020 - INFO - Processing frame 650/750...
2025-10-14 18:13:06,723 - INFO - Processing frame 700/750...
2025-10-14 18:13:16,996 - INFO - Simulation completed: 15/15 agents finished
2025-10-14 18:13:16,996 - INFO - Total time saved: 3531.0 steps
2025-10-14 18:13:16,996 - INFO - Simulation completed in 148.00 seconds
2025-10-14 18:13:18,056 - INFO - GUI initialization completed
2025-10-14 18:32:50,412 - INFO - Starting Enhanced Smart Campus Delivery Simulation
2025-10-14 18:32:50,530 - INFO - Starting enhanced simulation pre-computation...
2025-10-14 18:32:50,530 - INFO - Processing frame 0/500...
2025-10-14 18:49:09,018 - INFO - Starting Smart Campus Delivery Simulation
2025-10-14 18:49:09,124 - INFO - Starting enhanced simulation pre-computation...
2025-10-14 18:49:09,124 - INFO - Processing frame 0/500...
2025-10-14 18:49:10,703 - INFO - Processing frame 50/500...
2025-10-14 18:49:25,995 - INFO - Processing frame 100/500...
2025-10-14 18:49:50,872 - INFO - Processing frame 150/500...
2025-10-14 18:50:17,039 - INFO - Processing frame 200/500...
2025-10-14 18:50:41,770 - INFO - Processing frame 250/500...
2025-10-14 18:51:06,608 - INFO - Processing frame 300/500...
2025-10-14 18:51:31,606 - INFO - Processing frame 350/500...
2025-10-14 18:51:58,102 - INFO - Processing frame 400/500...
2025-10-14 18:52:24,474 - INFO - Processing frame 450/500...
2025-10-14 18:52:51,036 - INFO - Simulation completed: 15/15 agents finished
2025-10-14 18:52:51,036 - INFO - Total time saved: 1618.0 steps
2025-10-14 18:52:51,036 - INFO - Simulation completed in 221.91 seconds
2025-10-14 18:52:51,915 - INFO - GUI initialization completed
